Using pre-set license
Built from '2020.2/release' branch; Version is '2020.2.2f1 (068178b99f32) revision 426360'; Using compiler version '192528614'; Build Type 'Release'
OS: 'Windows 10 Home Single Language; OS build 19043.1055; Version 2009; 64bit' Language: 'tr' Physical Memory: 16268 MB
BatchMode: 1, IsHumanControllingUs: 0, StartBugReporterOnCrash: 0, Is64bit: 1, IsPro: 0

 COMMAND LINE ARGUMENTS:
D:\Unity\2020.2.2f1\Editor\Unity.exe
-adb2
-batchMode
-noUpm
-name
AssetImportWorker0
-projectPath
E:/GameDev/LastFighter/LastFighter
-logFile
Logs/AssetImportWorker0.log
-srvPort
60648
Successfully changed project path to: E:/GameDev/LastFighter/LastFighter
E:/GameDev/LastFighter/LastFighter
Using Asset Import Pipeline V2.
Refreshing native plugins compatible for Editor in 39.14 ms, found 0 plugins.
Preloading 0 native plugins for Editor in 0.00 ms.
Initialize engine version: 2020.2.2f1 (068178b99f32)
[Subsystems] Discovering subsystems at path D:/Unity/2020.2.2f1/Editor/Data/Resources/UnitySubsystems
[Subsystems] Discovering subsystems at path E:/GameDev/LastFighter/LastFighter/Assets
GfxDevice: creating device client; threaded=0
Direct3D:
    Version:  Direct3D 11.0 [level 11.1]
    Renderer: NVIDIA GeForce GTX 1050 (ID=0x1c8d)
    Vendor:   
    VRAM:     4021 MB
    Driver:   27.21.14.6663
Shader 'WFX/Transparent Specular': fallback shader 'Particles/Alpha Blended' not found
Shader 'WFX/Transparent Diffuse': fallback shader 'Particles/Alpha Blended' not found
Initialize mono
Mono path[0] = 'D:/Unity/2020.2.2f1/Editor/Data/Managed'
Mono path[1] = 'D:/Unity/2020.2.2f1/Editor/Data/MonoBleedingEdge/lib/mono/unityjit'
Mono config path = 'D:/Unity/2020.2.2f1/Editor/Data/MonoBleedingEdge/etc'
Using monoOptions --debugger-agent=transport=dt_socket,embedding=1,server=y,suspend=n,address=127.0.0.1:56652
Begin MonoManager ReloadAssembly
Registering precompiled unity dll's ...
Register platform support module: D:/Unity/2020.2.2f1/Editor/Data/PlaybackEngines/WebGLSupport/UnityEditor.WebGL.Extensions.dll
Register platform support module: D:/Unity/2020.2.2f1/Editor/Data/PlaybackEngines/WindowsStandaloneSupport/UnityEditor.WindowsStandalone.Extensions.dll
Registered in 0.001309 seconds.
Native extension for WindowsStandalone target not found
Native extension for WebGL target not found
Refreshing native plugins compatible for Editor in 34.86 ms, found 0 plugins.
Preloading 0 native plugins for Editor in 0.00 ms.
Invoked RoslynAnalysisRunner static constructor.
RoslynAnalysisRunner will not be running.
RoslynAnalysisRunner has terminated.
Mono: successfully reloaded assembly
- Completed reload, in  1.917 seconds
Platform modules already initialized, skipping
Registering precompiled user dll's ...
Registered in 0.000786 seconds.
Begin MonoManager ReloadAssembly
Native extension for WindowsStandalone target not found
Native extension for WebGL target not found
Refreshing native plugins compatible for Editor in 0.32 ms, found 0 plugins.
Preloading 0 native plugins for Editor in 0.00 ms.
Invoked RoslynAnalysisRunner static constructor.
RoslynAnalysisRunner will not be running.
RoslynAnalysisRunner has terminated.
Mono: successfully reloaded assembly
- Completed reload, in  0.916 seconds
Platform modules already initialized, skipping
========================================================================
Worker process is ready to serve import requests
Shader 'WFX/Transparent Specular': fallback shader 'Particles/Alpha Blended' not found
Shader 'WFX/Transparent Diffuse': fallback shader 'Particles/Alpha Blended' not found
Launched and connected shader compiler UnityShaderCompiler.exe after 0.06 seconds
Refreshing native plugins compatible for Editor in 0.33 ms, found 0 plugins.
Preloading 0 native plugins for Editor in 0.00 ms.
Unloading 1157 Unused Serialized files (Serialized files now loaded: 0)
System memory in use before: 72.4 MB.
System memory in use after: 72.4 MB.

Unloading 11 unused Assets to reduce memory usage. Loaded Objects now: 1620.
Total: 2.371300 ms (FindLiveObjects: 0.303700 ms CreateObjectMapping: 0.098900 ms MarkObjects: 1.754600 ms  DeleteObjects: 0.213300 ms)

========================================================================
Received Import Request.
  path: Assets/Free Skyboxes - Space
  artifactKey: Guid(903620474569eaf478d3496a7eff5d14) Importer(815301076,1909f56bfc062723c751e8b465ee728b)
Start importing Assets/Free Skyboxes - Space using Guid(903620474569eaf478d3496a7eff5d14) Importer(815301076,1909f56bfc062723c751e8b465ee728b)  -> (artifact id: '2a7256f1a6b3235d19835246171f243b') in 0.007264 seconds
  Import took 0.045583 seconds .

========================================================================
Received Import Request.
  Time since last request: 1.233665 seconds.
  path: Assets/Free Skyboxes - Space/SBS Space 1
  artifactKey: Guid(1af85022482ca5b4289d4b39c850aa26) Importer(815301076,1909f56bfc062723c751e8b465ee728b)
Start importing Assets/Free Skyboxes - Space/SBS Space 1 using Guid(1af85022482ca5b4289d4b39c850aa26) Importer(815301076,1909f56bfc062723c751e8b465ee728b)  -> (artifact id: '6ad0d22bb2efc99358a995bc3c2c3fe1') in 0.005489 seconds
  Import took 0.044612 seconds .

========================================================================
Received Import Request.
  Time since last request: 0.159273 seconds.
  path: Assets/Free Skyboxes - Space/SBS Space 1/SBS Space 1.asset
  artifactKey: Guid(7543a125dc85ebd4d9c70ab77162e656) Importer(815301076,1909f56bfc062723c751e8b465ee728b)
Start importing Assets/Free Skyboxes - Space/SBS Space 1/SBS Space 1.asset using Guid(7543a125dc85ebd4d9c70ab77162e656) Importer(815301076,1909f56bfc062723c751e8b465ee728b)  -> (artifact id: '463f2be28831257993f35e629f6c306e') in 0.035810 seconds
  Import took 0.039094 seconds .

========================================================================
Received Import Request.
  Time since last request: 1.332029 seconds.
  path: Assets/Free Skyboxes - Space/SBS Space 1/Small
  artifactKey: Guid(841bca22161158a43a436c2cc1180961) Importer(815301076,1909f56bfc062723c751e8b465ee728b)
Start importing Assets/Free Skyboxes - Space/SBS Space 1/Small using Guid(841bca22161158a43a436c2cc1180961) Importer(815301076,1909f56bfc062723c751e8b465ee728b)  -> (artifact id: 'b72820a54001b8de29f68ad43c507104') in 0.006177 seconds
  Import took 0.049480 seconds .

========================================================================
Received Import Request.
  Time since last request: 10.305695 seconds.
  path: Assets/Scenes/MainMenu.unity
  artifactKey: Guid(cad685003c443da4eb8b1642c5c513fe) Importer(815301076,1909f56bfc062723c751e8b465ee728b)
Start importing Assets/Scenes/MainMenu.unity using Guid(cad685003c443da4eb8b1642c5c513fe) Importer(815301076,1909f56bfc062723c751e8b465ee728b)  -> (artifact id: '0eba1601e9afc11c4fed73324abc3061') in 0.069119 seconds
  Import took 0.109506 seconds .

========================================================================
Received Import Request.
  Time since last request: 196.887151 seconds.
  path: Assets/Free Skyboxes - Space/SBS Space 3/Small
  artifactKey: Guid(d695de9eea4477c43bee877a5742af95) Importer(815301076,1909f56bfc062723c751e8b465ee728b)
Start importing Assets/Free Skyboxes - Space/SBS Space 3/Small using Guid(d695de9eea4477c43bee877a5742af95) Importer(815301076,1909f56bfc062723c751e8b465ee728b)  -> (artifact id: '9bd9e1192e5bbd1cc9e941d43ee9e190') in 0.004870 seconds
  Import took 0.061289 seconds .

========================================================================
Received Import Request.
  Time since last request: 2.216070 seconds.
  path: Assets/Free Skyboxes - Space/SBS Space 3
  artifactKey: Guid(fa42a53ca2b251342b6e3ba2a7b51f4b) Importer(815301076,1909f56bfc062723c751e8b465ee728b)
Start importing Assets/Free Skyboxes - Space/SBS Space 3 using Guid(fa42a53ca2b251342b6e3ba2a7b51f4b) Importer(815301076,1909f56bfc062723c751e8b465ee728b)  -> (artifact id: '9956e46ed042bed4e2bc41b8e991ff93') in 0.004967 seconds
  Import took 0.055438 seconds .

========================================================================
Received Import Request.
  Time since last request: 2.578901 seconds.
  path: Assets/Free Skyboxes - Space/SBS Space 4
  artifactKey: Guid(11fb10f06da679946a9bfeb142aecd90) Importer(815301076,1909f56bfc062723c751e8b465ee728b)
Start importing Assets/Free Skyboxes - Space/SBS Space 4 using Guid(11fb10f06da679946a9bfeb142aecd90) Importer(815301076,1909f56bfc062723c751e8b465ee728b)  -> (artifact id: 'be3c656bbb0fc27ee97533b05413d7c6') in 0.004784 seconds
  Import took 0.051576 seconds .

========================================================================
Received Import Request.
  Time since last request: 0.652459 seconds.
  path: Assets/Free Skyboxes - Space/SBS Space 4/Small
  artifactKey: Guid(38b19cd5705261a40a270bd486f49bca) Importer(815301076,1909f56bfc062723c751e8b465ee728b)
Start importing Assets/Free Skyboxes - Space/SBS Space 4/Small using Guid(38b19cd5705261a40a270bd486f49bca) Importer(815301076,1909f56bfc062723c751e8b465ee728b)  -> (artifact id: '8edfaa9efce37390e2abd6277717bef3') in 0.004742 seconds
  Import took 0.049260 seconds .

========================================================================
Received Import Request.
  Time since last request: 12.973941 seconds.
  path: Assets/Free Skyboxes - Space/SBS Space 5
  artifactKey: Guid(05a8ce8b3a6c14949ad93591d98d9a52) Importer(815301076,1909f56bfc062723c751e8b465ee728b)
Start importing Assets/Free Skyboxes - Space/SBS Space 5 using Guid(05a8ce8b3a6c14949ad93591d98d9a52) Importer(815301076,1909f56bfc062723c751e8b465ee728b)  -> (artifact id: 'e708bbccccba7e830816a6942cc935d1') in 0.005884 seconds
  Import took 0.053714 seconds .

========================================================================
Received Import Request.
  Time since last request: 0.557961 seconds.
  path: Assets/Free Skyboxes - Space/SBS Space 5/Small
  artifactKey: Guid(af36abac22e33a84ea3cc4056551c771) Importer(815301076,1909f56bfc062723c751e8b465ee728b)
Start importing Assets/Free Skyboxes - Space/SBS Space 5/Small using Guid(af36abac22e33a84ea3cc4056551c771) Importer(815301076,1909f56bfc062723c751e8b465ee728b)  -> (artifact id: 'fa09459d9070c04cf9155dc41f068eb2') in 0.005439 seconds
  Import took 0.050493 seconds .

========================================================================
Received Import Request.
  Time since last request: 1.225748 seconds.
  path: Assets/Free Skyboxes - Space/SBS Space 5/Small/Textures
  artifactKey: Guid(1f113f9ce1f0d2843a69a29f77f635df) Importer(815301076,1909f56bfc062723c751e8b465ee728b)
Start importing Assets/Free Skyboxes - Space/SBS Space 5/Small/Textures using Guid(1f113f9ce1f0d2843a69a29f77f635df) Importer(815301076,1909f56bfc062723c751e8b465ee728b)  -> (artifact id: 'b0b35194d0cd323cbb20ae19e07b0983') in 0.004780 seconds
  Import took 0.057214 seconds .

========================================================================
Received Import Request.
  Time since last request: 17.334982 seconds.
  path: Assets/Free Skyboxes - Space/Readme.txt
  artifactKey: Guid(acdeea17ac7bd7e44bc41e783a8c2b47) Importer(815301076,1909f56bfc062723c751e8b465ee728b)
Start importing Assets/Free Skyboxes - Space/Readme.txt using Guid(acdeea17ac7bd7e44bc41e783a8c2b47) Importer(815301076,1909f56bfc062723c751e8b465ee728b)  -> (artifact id: '14736c0debd7d55e2fb67c00756c19bf') in 0.012113 seconds
  Import took 0.055281 seconds .

========================================================================
Received Import Request.
  Time since last request: 17.046547 seconds.
  path: Assets/Fonts
  artifactKey: Guid(80169443f217c5642b93d4ebf0053569) Importer(815301076,1909f56bfc062723c751e8b465ee728b)
Start importing Assets/Fonts using Guid(80169443f217c5642b93d4ebf0053569) Importer(815301076,1909f56bfc062723c751e8b465ee728b)  -> (artifact id: 'e60896258cb4ed955d38348111881dfd') in 0.009544 seconds
  Import took 0.012225 seconds .

========================================================================
Received Import Request.
  Time since last request: 5.505689 seconds.
  path: Assets/SpawnAsteroids.cs
  artifactKey: Guid(db76fb3bbd307e74b9793be4d406e52f) Importer(815301076,1909f56bfc062723c751e8b465ee728b)
Start importing Assets/SpawnAsteroids.cs using Guid(db76fb3bbd307e74b9793be4d406e52f) Importer(815301076,1909f56bfc062723c751e8b465ee728b)  -> (artifact id: '82fce24b9dda6a21718b7b30d39aa846') in 0.015606 seconds
  Import took 0.058455 seconds .

========================================================================
Received Prepare
Registering precompiled user dll's ...
Registered in 0.000830 seconds.
Begin MonoManager ReloadAssembly
Native extension for WindowsStandalone target not found
Native extension for WebGL target not found
Refreshing native plugins compatible for Editor in 0.35 ms, found 0 plugins.
Preloading 0 native plugins for Editor in 0.00 ms.
Invoked RoslynAnalysisRunner static constructor.
RoslynAnalysisRunner will not be running.
RoslynAnalysisRunner has terminated.
Mono: successfully reloaded assembly
- Completed reload, in  0.887 seconds
Platform modules already initialized, skipping
Shader 'WFX/Transparent Specular': fallback shader 'Particles/Alpha Blended' not found
Shader 'WFX/Transparent Diffuse': fallback shader 'Particles/Alpha Blended' not found
Refreshing native plugins compatible for Editor in 0.29 ms, found 0 plugins.
Preloading 0 native plugins for Editor in 0.00 ms.
Unloading 1122 Unused Serialized files (Serialized files now loaded: 0)
System memory in use before: 71.0 MB.
System memory in use after: 71.0 MB.

Unloading 6 unused Assets to reduce memory usage. Loaded Objects now: 1622.
Total: 2.668000 ms (FindLiveObjects: 0.516700 ms CreateObjectMapping: 0.165600 ms MarkObjects: 1.751100 ms  DeleteObjects: 0.231800 ms)

========================================================================
Received Import Request.
  Time since last request: 9.947737 seconds.
  path: Assets/SlimUI/Tech Menu/TextMesh Pro
  artifactKey: Guid(f54d1bd14bd3ca042bd867b519fee8cc) Importer(815301076,1909f56bfc062723c751e8b465ee728b)
Start importing Assets/SlimUI/Tech Menu/TextMesh Pro using Guid(f54d1bd14bd3ca042bd867b519fee8cc) Importer(815301076,1909f56bfc062723c751e8b465ee728b)  -> (artifact id: '181b0873290938d3100e768dc97d9037') in 0.007845 seconds
  Import took 0.010201 seconds .

========================================================================
Received Import Request.
  Time since last request: 1.147062 seconds.
  path: Assets/SlimUI/Tech Menu/TextMesh Pro/Fonts
  artifactKey: Guid(6ab70aee4d56447429c680537fbf93ed) Importer(815301076,1909f56bfc062723c751e8b465ee728b)
Start importing Assets/SlimUI/Tech Menu/TextMesh Pro/Fonts using Guid(6ab70aee4d56447429c680537fbf93ed) Importer(815301076,1909f56bfc062723c751e8b465ee728b)  -> (artifact id: '436eed1b4aee8fee63a6c9a7735eea68') in 0.005210 seconds
  Import took 0.024538 seconds .

========================================================================
Received Import Request.
  Time since last request: 5.537047 seconds.
  path: Assets/SlimUI/Tech Menu/TextMesh Pro/Fonts/LiberationSans - OFL.txt
  artifactKey: Guid(6e59c59b81ab47f9b6ec5781fa725d2c) Importer(815301076,1909f56bfc062723c751e8b465ee728b)
Start importing Assets/SlimUI/Tech Menu/TextMesh Pro/Fonts/LiberationSans - OFL.txt using Guid(6e59c59b81ab47f9b6ec5781fa725d2c) Importer(815301076,1909f56bfc062723c751e8b465ee728b)  -> (artifact id: '630e347d9765c1b2a7ca148aff4f019d') in 0.024556 seconds
  Import took 0.065024 seconds .

========================================================================
Received Import Request.
  Time since last request: 8.392836 seconds.
  path: Assets/SlimUI/Tech Menu/TextMesh Pro/Sprites
  artifactKey: Guid(d0603b6d5186471b96c778c3949c7ce2) Importer(815301076,1909f56bfc062723c751e8b465ee728b)
Start importing Assets/SlimUI/Tech Menu/TextMesh Pro/Sprites using Guid(d0603b6d5186471b96c778c3949c7ce2) Importer(815301076,1909f56bfc062723c751e8b465ee728b)  -> (artifact id: 'ee8f03e598daf2c92f5fe51d786100c3') in 0.005964 seconds
  Import took 0.009223 seconds .

========================================================================
Received Import Request.
  Time since last request: 0.036734 seconds.
  path: Assets/SlimUI/Tech Menu/TextMesh Pro/Sprites/EmojiOne.png
  artifactKey: Guid(dffef66376be4fa480fb02b19edbe903) Importer(815301076,1909f56bfc062723c751e8b465ee728b)
Start importing Assets/SlimUI/Tech Menu/TextMesh Pro/Sprites/EmojiOne.png using Guid(dffef66376be4fa480fb02b19edbe903) Importer(815301076,1909f56bfc062723c751e8b465ee728b)  -> (artifact id: '94684581d23d2f0fbd0952188f4c492d') in 0.170756 seconds
  Import took 0.195820 seconds .

========================================================================
Received Import Request.
  Time since last request: 6.053967 seconds.
  path: Assets/SlimUI/Tech Menu/Shaders
  artifactKey: Guid(9fd9dfd8b59d9a544be756c9c97f508c) Importer(815301076,1909f56bfc062723c751e8b465ee728b)
Start importing Assets/SlimUI/Tech Menu/Shaders using Guid(9fd9dfd8b59d9a544be756c9c97f508c) Importer(815301076,1909f56bfc062723c751e8b465ee728b)  -> (artifact id: '1f74a0f43a5c2a7f260efe10231c02a3') in 0.005112 seconds
  Import took 0.054900 seconds .

========================================================================
Received Import Request.
  Time since last request: 6.718753 seconds.
  path: Assets/SlimUI/Tech Menu/Graphics/Tech Cursor Alternate.png
  artifactKey: Guid(feab20dea29074a4b830684984ef5661) Importer(815301076,1909f56bfc062723c751e8b465ee728b)
Start importing Assets/SlimUI/Tech Menu/Graphics/Tech Cursor Alternate.png using Guid(feab20dea29074a4b830684984ef5661) Importer(815301076,1909f56bfc062723c751e8b465ee728b)  -> (artifact id: '2a3d1b69311a93549c606cbea9e30f7d') in 0.110356 seconds
  Import took 0.112804 seconds .

========================================================================
Received Import Request.
  Time since last request: 0.000300 seconds.
  path: Assets/SlimUI/Tech Menu/Graphics/Tech Cursor.png
  artifactKey: Guid(2e506ec77ff5ad3438c85352eeaac925) Importer(815301076,1909f56bfc062723c751e8b465ee728b)
Start importing Assets/SlimUI/Tech Menu/Graphics/Tech Cursor.png using Guid(2e506ec77ff5ad3438c85352eeaac925) Importer(815301076,1909f56bfc062723c751e8b465ee728b)  -> (artifact id: '046b3680097524d0307b50c6c128c71b') in 0.110926 seconds
  Import took 0.112827 seconds .

========================================================================
Received Import Request.
  Time since last request: 1.642331 seconds.
  path: Assets/SlimUI/Tech Menu/Audio
  artifactKey: Guid(4b50df0f5f90270479b4429d268d4598) Importer(815301076,1909f56bfc062723c751e8b465ee728b)
Start importing Assets/SlimUI/Tech Menu/Audio using Guid(4b50df0f5f90270479b4429d268d4598) Importer(815301076,1909f56bfc062723c751e8b465ee728b)  -> (artifact id: '196299bdaddc5be8632f1f53998371ac') in 0.006007 seconds
  Import took 0.055588 seconds .

========================================================================
Received Import Request.
  Time since last request: 0.000372 seconds.
  path: Assets/SlimUI/Tech Menu/Audio/Click.wav
  artifactKey: Guid(65c6b9d4bab84b2469ee7978d75831d1) Importer(815301076,1909f56bfc062723c751e8b465ee728b)
Start importing Assets/SlimUI/Tech Menu/Audio/Click.wav using Guid(65c6b9d4bab84b2469ee7978d75831d1) Importer(815301076,1909f56bfc062723c751e8b465ee728b)  -> (artifact id: '2c073a2799c9bc549e7ccb4b8356cbdb') in 0.222032 seconds
  Import took 0.254618 seconds .

========================================================================
Received Import Request.
  Time since last request: 0.000403 seconds.
  path: Assets/SlimUI/Tech Menu/Audio/UI_Click.mp3
  artifactKey: Guid(c12d40421acc84a4b90823d6080bbad1) Importer(815301076,1909f56bfc062723c751e8b465ee728b)
Start importing Assets/SlimUI/Tech Menu/Audio/UI_Click.mp3 using Guid(c12d40421acc84a4b90823d6080bbad1) Importer(815301076,1909f56bfc062723c751e8b465ee728b)  -> (artifact id: '334e24861a4fac157d8bfe8dc5daa782') in 0.037776 seconds
  Import took 0.040747 seconds .

========================================================================
Received Import Request.
  Time since last request: 0.000424 seconds.
  path: Assets/SlimUI/Tech Menu/Audio/UI_Hover.wav
  artifactKey: Guid(29474e3e810dc8e4aa971f02f12851c3) Importer(815301076,1909f56bfc062723c751e8b465ee728b)
Start importing Assets/SlimUI/Tech Menu/Audio/UI_Hover.wav using Guid(29474e3e810dc8e4aa971f02f12851c3) Importer(815301076,1909f56bfc062723c751e8b465ee728b)  -> (artifact id: 'f8138d8d0f89a39f10175770e6d94813') in 0.054934 seconds
  Import took 0.071994 seconds .

========================================================================
Received Import Request.
  Time since last request: 4.026121 seconds.
  path: Assets/SlimUI/Tech Menu/Animations
  artifactKey: Guid(7b11f5ff262ad3148a14b3cd4fe43ba7) Importer(815301076,1909f56bfc062723c751e8b465ee728b)
Start importing Assets/SlimUI/Tech Menu/Animations using Guid(7b11f5ff262ad3148a14b3cd4fe43ba7) Importer(815301076,1909f56bfc062723c751e8b465ee728b)  -> (artifact id: '3c4e729981a74708a4cc33797d849aaf') in 0.005217 seconds
  Import took 0.052492 seconds .

========================================================================
Received Import Request.
  Time since last request: 0.527430 seconds.
  path: Assets/SlimUI/Tech Menu/Animations/Buttons
  artifactKey: Guid(d2855a1b82035f04a944f354ee5c7d95) Importer(815301076,1909f56bfc062723c751e8b465ee728b)
Start importing Assets/SlimUI/Tech Menu/Animations/Buttons using Guid(d2855a1b82035f04a944f354ee5c7d95) Importer(815301076,1909f56bfc062723c751e8b465ee728b)  -> (artifact id: 'd4ff8bfb3433a3a27581ed95f64e801c') in 0.005877 seconds
  Import took 0.009275 seconds .

========================================================================
Received Import Request.
  Time since last request: 1.136348 seconds.
  path: Assets/SlimUI/Tech Menu/Animations/Buttons/Btn_Main.controller
  artifactKey: Guid(c194517b4734aa440af4ebe3ce9235e1) Importer(815301076,1909f56bfc062723c751e8b465ee728b)
Start importing Assets/SlimUI/Tech Menu/Animations/Buttons/Btn_Main.controller using Guid(c194517b4734aa440af4ebe3ce9235e1) Importer(815301076,1909f56bfc062723c751e8b465ee728b)  -> (artifact id: '3ef1fecb07e0319b660dac0b82038390') in 0.011122 seconds
  Import took 0.025735 seconds .

========================================================================
Received Import Request.
  Time since last request: 10.974998 seconds.
  path: Assets/SlimUI/Tech Menu/Scripts
  artifactKey: Guid(b9ef8b46c96838d4da8bc4d63fb9a684) Importer(815301076,1909f56bfc062723c751e8b465ee728b)
Start importing Assets/SlimUI/Tech Menu/Scripts using Guid(b9ef8b46c96838d4da8bc4d63fb9a684) Importer(815301076,1909f56bfc062723c751e8b465ee728b)  -> (artifact id: '94e99603cea32d7f336c3bc5a5788768') in 0.004764 seconds
  Import took 0.007135 seconds .

========================================================================
Received Import Request.
  Time since last request: 60.752632 seconds.
  path: Assets/SlimUI/Fonts
  artifactKey: Guid(5c60bdf88b1d82344a66f5d84d38cf1b) Importer(815301076,1909f56bfc062723c751e8b465ee728b)
Start importing Assets/SlimUI/Fonts using Guid(5c60bdf88b1d82344a66f5d84d38cf1b) Importer(815301076,1909f56bfc062723c751e8b465ee728b)  -> (artifact id: '02500a5a9a2fb9a2eea4733b855ffee9') in 0.005851 seconds
  Import took 0.046204 seconds .

========================================================================
Received Import Request.
  Time since last request: 3.298212 seconds.
  path: Assets/SlimUI/Editor
  artifactKey: Guid(649bc3edd01f2aa4cbb2343e39aab556) Importer(815301076,1909f56bfc062723c751e8b465ee728b)
Start importing Assets/SlimUI/Editor using Guid(649bc3edd01f2aa4cbb2343e39aab556) Importer(815301076,1909f56bfc062723c751e8b465ee728b)  -> (artifact id: '6a587b67ab7109d6985d7fef86fb4e95') in 0.005327 seconds
  Import took 0.007838 seconds .

========================================================================
Received Import Request.
  Time since last request: 22.978676 seconds.
  path: Assets/Spaceflight Controls/Editor/FlightSysEditor.cs
  artifactKey: Guid(b58a9e7a47e9a5b47bf5d3894641e02a) Importer(815301076,1909f56bfc062723c751e8b465ee728b)
Start importing Assets/Spaceflight Controls/Editor/FlightSysEditor.cs using Guid(b58a9e7a47e9a5b47bf5d3894641e02a) Importer(815301076,1909f56bfc062723c751e8b465ee728b)  -> (artifact id: 'e58577db02bcee4412e062092730bb6a') in 0.005808 seconds
  Import took 0.008054 seconds .

========================================================================
Received Import Request.
  Time since last request: 0.002605 seconds.
  path: Assets/Spaceflight Controls/Editor/FlightSysEditor.cs
  artifactKey: Guid(b58a9e7a47e9a5b47bf5d3894641e02a) Importer(815301076,1909f56bfc062723c751e8b465ee728b)
Start importing Assets/Spaceflight Controls/Editor/FlightSysEditor.cs using Guid(b58a9e7a47e9a5b47bf5d3894641e02a) Importer(815301076,1909f56bfc062723c751e8b465ee728b)  -> (artifact id: 'e58577db02bcee4412e062092730bb6a') in 0.011037 seconds
  Import took 0.013578 seconds .

========================================================================
Received Import Request.
  Time since last request: 13.049405 seconds.
  path: Assets/Spaceflight Controls/Scripts/bullet.cs
  artifactKey: Guid(dba0bbb5447110d42b2814461493adbb) Importer(815301076,1909f56bfc062723c751e8b465ee728b)
Start importing Assets/Spaceflight Controls/Scripts/bullet.cs using Guid(dba0bbb5447110d42b2814461493adbb) Importer(815301076,1909f56bfc062723c751e8b465ee728b)  -> (artifact id: 'b4e81d3ca13376b5900a370da70341a7') in 0.029863 seconds
  Import took 0.034089 seconds .

========================================================================
Received Import Request.
  Time since last request: 7.172869 seconds.
  path: Assets/Spaceflight Controls/Scripts/PSDestroy.cs
  artifactKey: Guid(c84735e4399f95046a0c9ceaad970ea0) Importer(815301076,1909f56bfc062723c751e8b465ee728b)
Start importing Assets/Spaceflight Controls/Scripts/PSDestroy.cs using Guid(c84735e4399f95046a0c9ceaad970ea0) Importer(815301076,1909f56bfc062723c751e8b465ee728b)  -> (artifact id: '8d3e697e51c96e649090ab5f27054abb') in 0.006060 seconds
  Import took 0.054771 seconds .

========================================================================
Received Prepare
Registering precompiled user dll's ...
Registered in 0.000848 seconds.
Begin MonoManager ReloadAssembly
Native extension for WindowsStandalone target not found
Native extension for WebGL target not found
Refreshing native plugins compatible for Editor in 0.27 ms, found 0 plugins.
Preloading 0 native plugins for Editor in 0.00 ms.
Invoked RoslynAnalysisRunner static constructor.
RoslynAnalysisRunner will not be running.
RoslynAnalysisRunner has terminated.
Mono: successfully reloaded assembly
- Completed reload, in  0.859 seconds
Platform modules already initialized, skipping
Shader 'WFX/Transparent Specular': fallback shader 'Particles/Alpha Blended' not found
Shader 'WFX/Transparent Diffuse': fallback shader 'Particles/Alpha Blended' not found
Refreshing native plugins compatible for Editor in 0.35 ms, found 0 plugins.
Preloading 0 native plugins for Editor in 0.00 ms.
Unloading 1119 Unused Serialized files (Serialized files now loaded: 0)
System memory in use before: 73.8 MB.
System memory in use after: 73.9 MB.

Unloading 4 unused Assets to reduce memory usage. Loaded Objects now: 1634.
Total: 2.014200 ms (FindLiveObjects: 0.253400 ms CreateObjectMapping: 0.049000 ms MarkObjects: 1.695700 ms  DeleteObjects: 0.014300 ms)

========================================================================
Received Import Request.
  Time since last request: 63.000099 seconds.
  path: Assets/Scripts/CameraFollow.cs
  artifactKey: Guid(fecc0edc2ec7482478cbf07ad4859aae) Importer(815301076,1909f56bfc062723c751e8b465ee728b)
Start importing Assets/Scripts/CameraFollow.cs using Guid(fecc0edc2ec7482478cbf07ad4859aae) Importer(815301076,1909f56bfc062723c751e8b465ee728b)  -> (artifact id: 'e89367d0441990d629e3b0c044373d0c') in 0.008077 seconds
  Import took 0.033061 seconds .

========================================================================
Received Import Request.
  Time since last request: 15.309943 seconds.
  path: Assets/Spaceflight Controls/Scripts/CustomPointer.cs
  artifactKey: Guid(21ebfb170970604408291b4728c5244d) Importer(815301076,1909f56bfc062723c751e8b465ee728b)
Start importing Assets/Spaceflight Controls/Scripts/CustomPointer.cs using Guid(21ebfb170970604408291b4728c5244d) Importer(815301076,1909f56bfc062723c751e8b465ee728b)  -> (artifact id: '77295932e703b36830792a06b50f1406') in 0.004934 seconds
  Import took 0.007543 seconds .

========================================================================
Received Import Request.
  Time since last request: 0.360669 seconds.
  path: Assets/Spaceflight Controls/Scripts/CustomPointer.cs
  artifactKey: Guid(21ebfb170970604408291b4728c5244d) Importer(815301076,1909f56bfc062723c751e8b465ee728b)
Start importing Assets/Spaceflight Controls/Scripts/CustomPointer.cs using Guid(21ebfb170970604408291b4728c5244d) Importer(815301076,1909f56bfc062723c751e8b465ee728b)  -> (artifact id: '77295932e703b36830792a06b50f1406') in 0.005332 seconds
  Import took 0.007864 seconds .

========================================================================
Received Prepare
Registering precompiled user dll's ...
Registered in 0.002755 seconds.
Begin MonoManager ReloadAssembly
Native extension for WindowsStandalone target not found
Native extension for WebGL target not found
Refreshing native plugins compatible for Editor in 0.52 ms, found 0 plugins.
Preloading 0 native plugins for Editor in 0.00 ms.
Invoked RoslynAnalysisRunner static constructor.
RoslynAnalysisRunner will not be running.
RoslynAnalysisRunner has terminated.
Mono: successfully reloaded assembly
- Completed reload, in  2.448 seconds
Platform modules already initialized, skipping
Shader 'WFX/Transparent Specular': fallback shader 'Particles/Alpha Blended' not found
Shader 'WFX/Transparent Diffuse': fallback shader 'Particles/Alpha Blended' not found
Refreshing native plugins compatible for Editor in 0.50 ms, found 0 plugins.
Preloading 0 native plugins for Editor in 0.00 ms.
Unloading 1114 Unused Serialized files (Serialized files now loaded: 0)
System memory in use before: 73.7 MB.
System memory in use after: 73.8 MB.

Unloading 4 unused Assets to reduce memory usage. Loaded Objects now: 1636.
Total: 3.891400 ms (FindLiveObjects: 0.291000 ms CreateObjectMapping: 0.074000 ms MarkObjects: 3.493200 ms  DeleteObjects: 0.030000 ms)

========================================================================
Received Import Request.
  Time since last request: 54.980771 seconds.
  path: Assets/VolumetricLines/Volumetric Lines Documentation.pdf
  artifactKey: Guid(9a8e24c3da473254db08315e030fcc48) Importer(815301076,1909f56bfc062723c751e8b465ee728b)
Start importing Assets/VolumetricLines/Volumetric Lines Documentation.pdf using Guid(9a8e24c3da473254db08315e030fcc48) Importer(815301076,1909f56bfc062723c751e8b465ee728b)  -> (artifact id: '3a0bba329fdfa5d89bb37eb351bc6eda') in 0.024831 seconds
  Import took 0.058465 seconds .

========================================================================
Received Prepare
Registering precompiled user dll's ...
Registered in 0.000707 seconds.
Begin MonoManager ReloadAssembly
Native extension for WindowsStandalone target not found
Native extension for WebGL target not found
Refreshing native plugins compatible for Editor in 0.31 ms, found 0 plugins.
Preloading 0 native plugins for Editor in 0.00 ms.
Invoked RoslynAnalysisRunner static constructor.
RoslynAnalysisRunner will not be running.
RoslynAnalysisRunner has terminated.
Mono: successfully reloaded assembly
- Completed reload, in  0.929 seconds
Platform modules already initialized, skipping
Shader 'WFX/Transparent Specular': fallback shader 'Particles/Alpha Blended' not found
Shader 'WFX/Transparent Diffuse': fallback shader 'Particles/Alpha Blended' not found
Refreshing native plugins compatible for Editor in 0.29 ms, found 0 plugins.
Preloading 0 native plugins for Editor in 0.00 ms.
Unloading 1109 Unused Serialized files (Serialized files now loaded: 0)
System memory in use before: 73.6 MB.
System memory in use after: 73.7 MB.

Unloading 4 unused Assets to reduce memory usage. Loaded Objects now: 1638.
Total: 2.700200 ms (FindLiveObjects: 0.268100 ms CreateObjectMapping: 0.097400 ms MarkObjects: 2.283900 ms  DeleteObjects: 0.035000 ms)

========================================================================
Received Import Request.
  Time since last request: 65.690520 seconds.
  path: Assets/VolumetricLines/BuiltInRenderPipeline/Materials
  artifactKey: Guid(c1a3c02fa25a73c46a2c5224a6652a08) Importer(815301076,1909f56bfc062723c751e8b465ee728b)
Start importing Assets/VolumetricLines/BuiltInRenderPipeline/Materials using Guid(c1a3c02fa25a73c46a2c5224a6652a08) Importer(815301076,1909f56bfc062723c751e8b465ee728b)  -> (artifact id: 'f0c1e469f49310b304c4f5e55a5a9629') in 0.006540 seconds
  Import took 0.009520 seconds .

========================================================================
Received Import Request.
  Time since last request: 0.007876 seconds.
  path: Assets/VolumetricLines/BuiltInRenderPipeline/Materials
  artifactKey: Guid(c1a3c02fa25a73c46a2c5224a6652a08) Importer(815301076,1909f56bfc062723c751e8b465ee728b)
Start importing Assets/VolumetricLines/BuiltInRenderPipeline/Materials using Guid(c1a3c02fa25a73c46a2c5224a6652a08) Importer(815301076,1909f56bfc062723c751e8b465ee728b)  -> (artifact id: 'f0c1e469f49310b304c4f5e55a5a9629') in 0.006917 seconds
  Import took 0.009456 seconds .

========================================================================
Received Import Request.
  Time since last request: 8.741392 seconds.
  path: Assets/WarFX/!WarFX Readme.txt
  artifactKey: Guid(8d452a2501eaf7c47b01213988e3e5ec) Importer(815301076,1909f56bfc062723c751e8b465ee728b)
Start importing Assets/WarFX/!WarFX Readme.txt using Guid(8d452a2501eaf7c47b01213988e3e5ec) Importer(815301076,1909f56bfc062723c751e8b465ee728b)  -> (artifact id: '7beb7554652340f9bab04317a7cccaa4') in 0.019967 seconds
  Import took 0.022286 seconds .

========================================================================
Received Import Request.
  Time since last request: 0.019444 seconds.
  path: Assets/WarFX/!WarFX Readme.txt
  artifactKey: Guid(8d452a2501eaf7c47b01213988e3e5ec) Importer(815301076,1909f56bfc062723c751e8b465ee728b)
Start importing Assets/WarFX/!WarFX Readme.txt using Guid(8d452a2501eaf7c47b01213988e3e5ec) Importer(815301076,1909f56bfc062723c751e8b465ee728b)  -> (artifact id: '7beb7554652340f9bab04317a7cccaa4') in 0.005138 seconds
  Import took 0.007649 seconds .

========================================================================
Received Import Request.
  Time since last request: 10.280460 seconds.
  path: Assets/WarFX/Shaders
  artifactKey: Guid(76d80da38348456428f40ad47fa7c359) Importer(815301076,1909f56bfc062723c751e8b465ee728b)
Start importing Assets/WarFX/Shaders using Guid(76d80da38348456428f40ad47fa7c359) Importer(815301076,1909f56bfc062723c751e8b465ee728b)  -> (artifact id: 'b0a5a275bb2420bd507c287cb371e359') in 0.005866 seconds
  Import took 0.008898 seconds .

========================================================================
Received Import Request.
  Time since last request: 1.373018 seconds.
  path: Assets/WarFX/Shaders/WFX_S Alpha-Diffuse TintColor.shader
  artifactKey: Guid(edb905ac1dd1f8d4688248976976eae3) Importer(815301076,1909f56bfc062723c751e8b465ee728b)
Start importing Assets/WarFX/Shaders/WFX_S Alpha-Diffuse TintColor.shader using Guid(edb905ac1dd1f8d4688248976976eae3) Importer(815301076,1909f56bfc062723c751e8b465ee728b)  -> (artifact id: '4a2f16efa016f4bf6f1db124cb5da461') in 0.007986 seconds
  Import took 0.010182 seconds .

========================================================================
Received Import Request.
  Time since last request: 0.004110 seconds.
  path: Assets/WarFX/Shaders/WFX_S Alpha-Diffuse TintColor.shader
  artifactKey: Guid(edb905ac1dd1f8d4688248976976eae3) Importer(815301076,1909f56bfc062723c751e8b465ee728b)
Start importing Assets/WarFX/Shaders/WFX_S Alpha-Diffuse TintColor.shader using Guid(edb905ac1dd1f8d4688248976976eae3) Importer(815301076,1909f56bfc062723c751e8b465ee728b)  -> (artifact id: '4a2f16efa016f4bf6f1db124cb5da461') in 0.012389 seconds
  Import took 0.015008 seconds .

========================================================================
Received Import Request.
  Time since last request: 0.183857 seconds.
  path: Assets/WarFX/Shaders/WFX_S Smoke Scroll.shader
  artifactKey: Guid(179c22242d881384a9a9b7abd22a944b) Importer(815301076,1909f56bfc062723c751e8b465ee728b)
Start importing Assets/WarFX/Shaders/WFX_S Smoke Scroll.shader using Guid(179c22242d881384a9a9b7abd22a944b) Importer(815301076,1909f56bfc062723c751e8b465ee728b)  -> (artifact id: '3ca21d29569287c4dc1e7a68aaaf72bd') in 0.005202 seconds
  Import took 0.040719 seconds .

========================================================================
Received Import Request.
  Time since last request: 6.069576 seconds.
  path: Assets/WarFX/Scripts/WFX_LightFlicker.cs
  artifactKey: Guid(96d332ab3dbfaaf40bdd9745ff0b19f0) Importer(815301076,1909f56bfc062723c751e8b465ee728b)
Start importing Assets/WarFX/Scripts/WFX_LightFlicker.cs using Guid(96d332ab3dbfaaf40bdd9745ff0b19f0) Importer(815301076,1909f56bfc062723c751e8b465ee728b)  -> (artifact id: 'd93680d50179096bbe10e43e0dd271c2') in 0.005858 seconds
  Import took 0.053314 seconds .

========================================================================
Received Import Request.
  Time since last request: 0.626620 seconds.
  path: Assets/WarFX/Scripts/WFX_BulletHoleDecal.cs
  artifactKey: Guid(395f3a2ded34a634fbd77ee83f9939a7) Importer(815301076,1909f56bfc062723c751e8b465ee728b)
Start importing Assets/WarFX/Scripts/WFX_BulletHoleDecal.cs using Guid(395f3a2ded34a634fbd77ee83f9939a7) Importer(815301076,1909f56bfc062723c751e8b465ee728b)  -> (artifact id: '202f1983f629fbca94b697274465c1c6') in 0.005195 seconds
  Import took 0.055236 seconds .

========================================================================
Received Import Request.
  Time since last request: 0.299870 seconds.
  path: Assets/WarFX/Scripts/CFX_LightIntensityFade.cs
  artifactKey: Guid(c2255468ea97f384a9ebbb13e497e050) Importer(815301076,1909f56bfc062723c751e8b465ee728b)
Start importing Assets/WarFX/Scripts/CFX_LightIntensityFade.cs using Guid(c2255468ea97f384a9ebbb13e497e050) Importer(815301076,1909f56bfc062723c751e8b465ee728b)  -> (artifact id: 'bba73433e4b9414d76ce42d13ebef004') in 0.005886 seconds
  Import took 0.008726 seconds .

========================================================================
Received Import Request.
  Time since last request: 0.440930 seconds.
  path: Assets/WarFX/Scripts/CFX_AutoDestructShuriken.cs
  artifactKey: Guid(6fd2e8874f60266498a388d7229a1bac) Importer(815301076,1909f56bfc062723c751e8b465ee728b)
Start importing Assets/WarFX/Scripts/CFX_AutoDestructShuriken.cs using Guid(6fd2e8874f60266498a388d7229a1bac) Importer(815301076,1909f56bfc062723c751e8b465ee728b)  -> (artifact id: 'b7be8c88e9ffb5e3eeeb63689bfbc7a3') in 0.004937 seconds
  Import took 0.047465 seconds .

========================================================================
Received Import Request.
  Time since last request: 10.097239 seconds.
  path: Assets/WarFX/Mobile
  artifactKey: Guid(885e36481eeb36c4dac769d36bcc55db) Importer(815301076,1909f56bfc062723c751e8b465ee728b)
Start importing Assets/WarFX/Mobile using Guid(885e36481eeb36c4dac769d36bcc55db) Importer(815301076,1909f56bfc062723c751e8b465ee728b)  -> (artifact id: 'f6ff4d5abd9b105f2fa2fe904ce2b27e') in 0.005785 seconds
  Import took 0.008224 seconds .

========================================================================
Received Import Request.
  Time since last request: 4.441299 seconds.
  path: Assets/WarFX/Editor
  artifactKey: Guid(4cef0b5d1ae02e841ab164af332de5ba) Importer(815301076,1909f56bfc062723c751e8b465ee728b)
Start importing Assets/WarFX/Editor using Guid(4cef0b5d1ae02e841ab164af332de5ba) Importer(815301076,1909f56bfc062723c751e8b465ee728b)  -> (artifact id: '4a2d523eecf8c04a145ef2ffec54f9ab') in 0.005209 seconds
  Import took 0.007601 seconds .

========================================================================
Received Import Request.
  Time since last request: 1.772023 seconds.
  path: Assets/WarFX/Editor/CFX_SpawnSystemEditor.cs
  artifactKey: Guid(a20330d93336f2245901dbd9a34b88f8) Importer(815301076,1909f56bfc062723c751e8b465ee728b)
Start importing Assets/WarFX/Editor/CFX_SpawnSystemEditor.cs using Guid(a20330d93336f2245901dbd9a34b88f8) Importer(815301076,1909f56bfc062723c751e8b465ee728b)  -> (artifact id: '9d022cfb975ffc75145cb7742d445046') in 0.009852 seconds
  Import took 0.038304 seconds .

========================================================================
Received Prepare
Registering precompiled user dll's ...
Registered in 0.001263 seconds.
Begin MonoManager ReloadAssembly
Native extension for WindowsStandalone target not found
Native extension for WebGL target not found
Refreshing native plugins compatible for Editor in 0.26 ms, found 0 plugins.
Preloading 0 native plugins for Editor in 0.00 ms.
Invoked RoslynAnalysisRunner static constructor.
RoslynAnalysisRunner will not be running.
RoslynAnalysisRunner has terminated.
Mono: successfully reloaded assembly
- Completed reload, in  0.935 seconds
Platform modules already initialized, skipping
Shader 'WFX/Transparent Specular': fallback shader 'Particles/Alpha Blended' not found
Shader 'WFX/Transparent Diffuse': fallback shader 'Particles/Alpha Blended' not found
Refreshing native plugins compatible for Editor in 0.27 ms, found 0 plugins.
Preloading 0 native plugins for Editor in 0.00 ms.
Unloading 1108 Unused Serialized files (Serialized files now loaded: 0)
System memory in use before: 73.6 MB.
System memory in use after: 73.7 MB.

Unloading 4 unused Assets to reduce memory usage. Loaded Objects now: 1640.
Total: 2.035000 ms (FindLiveObjects: 0.287900 ms CreateObjectMapping: 0.042200 ms MarkObjects: 1.671000 ms  DeleteObjects: 0.014100 ms)

========================================================================
Received Import Request.
  Time since last request: 11.088964 seconds.
  path: Assets/WarFX/Demo
  artifactKey: Guid(33cdb7619e571aa4fa20a61357cb8de7) Importer(815301076,1909f56bfc062723c751e8b465ee728b)
Start importing Assets/WarFX/Demo using Guid(33cdb7619e571aa4fa20a61357cb8de7) Importer(815301076,1909f56bfc062723c751e8b465ee728b)  -> (artifact id: '04a77b2ae0eaca92153a8dda79ab74d9') in 0.008883 seconds
  Import took 0.011954 seconds .

========================================================================
Received Prepare
Registering precompiled user dll's ...
Registered in 0.000927 seconds.
Begin MonoManager ReloadAssembly
Native extension for WindowsStandalone target not found
Native extension for WebGL target not found
Refreshing native plugins compatible for Editor in 0.28 ms, found 0 plugins.
Preloading 0 native plugins for Editor in 0.00 ms.
Invoked RoslynAnalysisRunner static constructor.
RoslynAnalysisRunner will not be running.
RoslynAnalysisRunner has terminated.
Mono: successfully reloaded assembly
- Completed reload, in  0.874 seconds
Platform modules already initialized, skipping
Shader 'WFX/Transparent Specular': fallback shader 'Particles/Alpha Blended' not found
Shader 'WFX/Transparent Diffuse': fallback shader 'Particles/Alpha Blended' not found
Refreshing native plugins compatible for Editor in 0.26 ms, found 0 plugins.
Preloading 0 native plugins for Editor in 0.00 ms.
Unloading 1099 Unused Serialized files (Serialized files now loaded: 0)
System memory in use before: 73.4 MB.
System memory in use after: 73.5 MB.

Unloading 4 unused Assets to reduce memory usage. Loaded Objects now: 1642.
Total: 1.815400 ms (FindLiveObjects: 0.256500 ms CreateObjectMapping: 0.063600 ms MarkObjects: 1.441600 ms  DeleteObjects: 0.052400 ms)

========================================================================
Received Prepare
Registering precompiled user dll's ...
Registered in 0.000897 seconds.
Begin MonoManager ReloadAssembly
Native extension for WindowsStandalone target not found
Native extension for WebGL target not found
Refreshing native plugins compatible for Editor in 0.24 ms, found 0 plugins.
Preloading 0 native plugins for Editor in 0.00 ms.
Invoked RoslynAnalysisRunner static constructor.
RoslynAnalysisRunner will not be running.
RoslynAnalysisRunner has terminated.
Mono: successfully reloaded assembly
- Completed reload, in  0.914 seconds
Platform modules already initialized, skipping
Shader 'WFX/Transparent Specular': fallback shader 'Particles/Alpha Blended' not found
Shader 'WFX/Transparent Diffuse': fallback shader 'Particles/Alpha Blended' not found
Refreshing native plugins compatible for Editor in 0.32 ms, found 0 plugins.
Preloading 0 native plugins for Editor in 0.00 ms.
Unloading 1098 Unused Serialized files (Serialized files now loaded: 0)
System memory in use before: 73.4 MB.
System memory in use after: 73.5 MB.

Unloading 4 unused Assets to reduce memory usage. Loaded Objects now: 1644.
Total: 2.194500 ms (FindLiveObjects: 0.458300 ms CreateObjectMapping: 0.069800 ms MarkObjects: 1.627300 ms  DeleteObjects: 0.036600 ms)

========================================================================
Received Import Request.
  Time since last request: 17.695566 seconds.
  path: Assets/WarFX/Desktop/Textures
  artifactKey: Guid(5af83340ad00f0841899f851b309f77b) Importer(815301076,1909f56bfc062723c751e8b465ee728b)
Start importing Assets/WarFX/Desktop/Textures using Guid(5af83340ad00f0841899f851b309f77b) Importer(815301076,1909f56bfc062723c751e8b465ee728b)  -> (artifact id: '3a2a3fb206903c66fa6cee715e39a87a') in 0.007408 seconds
  Import took 0.011470 seconds .

========================================================================
Received Import Request.
  Time since last request: 0.001663 seconds.
  path: Assets/WarFX/Desktop/Textures
  artifactKey: Guid(5af83340ad00f0841899f851b309f77b) Importer(815301076,1909f56bfc062723c751e8b465ee728b)
Start importing Assets/WarFX/Desktop/Textures using Guid(5af83340ad00f0841899f851b309f77b) Importer(815301076,1909f56bfc062723c751e8b465ee728b)  -> (artifact id: '3a2a3fb206903c66fa6cee715e39a87a') in 0.018193 seconds
  Import took 0.022538 seconds .

========================================================================
Received Import Request.
  Time since last request: 0.947627 seconds.
  path: Assets/WarFX/Desktop/Textures/Bullet Holes
  artifactKey: Guid(ccd9ee9771620de4cb399147822b8a1b) Importer(815301076,1909f56bfc062723c751e8b465ee728b)
Start importing Assets/WarFX/Desktop/Textures/Bullet Holes using Guid(ccd9ee9771620de4cb399147822b8a1b) Importer(815301076,1909f56bfc062723c751e8b465ee728b)  -> (artifact id: 'b7d159b625848b2cb58c1004cd7b5a76') in 0.005095 seconds
  Import took 0.007635 seconds .

========================================================================
Received Import Request.
  Time since last request: 2.984422 seconds.
  path: Assets/WarFX/Desktop/Materials/Bullet Holes
  artifactKey: Guid(7d220f99a004f5a4092ebeb1580b79e5) Importer(815301076,1909f56bfc062723c751e8b465ee728b)
Start importing Assets/WarFX/Desktop/Materials/Bullet Holes using Guid(7d220f99a004f5a4092ebeb1580b79e5) Importer(815301076,1909f56bfc062723c751e8b465ee728b)  -> (artifact id: '4025df4aca7797f71a37e2c06322bb5a') in 0.005862 seconds
  Import took 0.008535 seconds .

========================================================================
Received Import Request.
  Time since last request: 3.912737 seconds.
  path: Assets/WarFX/_Effects/Bullet Impacts/+ Bullet Hole/WFX_BImpact Dirt + Hole.prefab
  artifactKey: Guid(2f9348d6583cde14eb0d82bb9732647e) Importer(815301076,1909f56bfc062723c751e8b465ee728b)
Start importing Assets/WarFX/_Effects/Bullet Impacts/+ Bullet Hole/WFX_BImpact Dirt + Hole.prefab using Guid(2f9348d6583cde14eb0d82bb9732647e) Importer(815301076,1909f56bfc062723c751e8b465ee728b)  -> (artifact id: '538f9b231cc7e043de93b4da2896a11f') in 0.589896 seconds
  Import took 0.654773 seconds .

========================================================================
Received Import Request.
  Time since last request: 0.000350 seconds.
  path: Assets/WarFX/_Effects/Bullet Impacts/+ Bullet Hole/WFX_BImpact SoftBody + Hole.prefab
  artifactKey: Guid(957385c45b877e645a128e11a3efb2f9) Importer(815301076,1909f56bfc062723c751e8b465ee728b)
Start importing Assets/WarFX/_Effects/Bullet Impacts/+ Bullet Hole/WFX_BImpact SoftBody + Hole.prefab using Guid(957385c45b877e645a128e11a3efb2f9) Importer(815301076,1909f56bfc062723c751e8b465ee728b)  -> (artifact id: '8287febc5c3d7d1b0dd4bac4ed181595') in 0.016607 seconds
  Import took 0.019170 seconds .

========================================================================
Received Import Request.
  Time since last request: 0.000320 seconds.
  path: Assets/WarFX/_Effects/Bullet Impacts/+ Bullet Hole/WFX_BImpact Sand + Hole.prefab
  artifactKey: Guid(0b24f31f464fa614a84acdeac974ed6b) Importer(815301076,1909f56bfc062723c751e8b465ee728b)
Start importing Assets/WarFX/_Effects/Bullet Impacts/+ Bullet Hole/WFX_BImpact Sand + Hole.prefab using Guid(0b24f31f464fa614a84acdeac974ed6b) Importer(815301076,1909f56bfc062723c751e8b465ee728b)  -> (artifact id: 'd276796b02394ef424de55497f808266') in 0.017057 seconds
  Import took 0.049246 seconds .

========================================================================
Received Prepare
Registering precompiled user dll's ...
Registered in 0.000902 seconds.
Begin MonoManager ReloadAssembly
Native extension for WindowsStandalone target not found
Native extension for WebGL target not found
Refreshing native plugins compatible for Editor in 0.28 ms, found 0 plugins.
Preloading 0 native plugins for Editor in 0.00 ms.
Invoked RoslynAnalysisRunner static constructor.
RoslynAnalysisRunner will not be running.
RoslynAnalysisRunner has terminated.
Mono: successfully reloaded assembly
- Completed reload, in  0.907 seconds
Platform modules already initialized, skipping
Shader 'WFX/Transparent Specular': fallback shader 'Particles/Alpha Blended' not found
Shader 'WFX/Transparent Diffuse': fallback shader 'Particles/Alpha Blended' not found
Refreshing native plugins compatible for Editor in 0.28 ms, found 0 plugins.
Preloading 0 native plugins for Editor in 0.00 ms.
Unloading 1097 Unused Serialized files (Serialized files now loaded: 0)
System memory in use before: 73.5 MB.
System memory in use after: 73.6 MB.

Unloading 4 unused Assets to reduce memory usage. Loaded Objects now: 1648.
Total: 2.117200 ms (FindLiveObjects: 0.424100 ms CreateObjectMapping: 0.201200 ms MarkObjects: 1.477500 ms  DeleteObjects: 0.012900 ms)

AssetImportWorkerClient::OnTransportError - code=2 error=End of file
